<?xml version="1.0" encoding="UTF-8"?>
<!-- Generated by org.testng.reporters.JUnitReportReporter -->
<testsuite hostname="Rv" failures="0" tests="3" name="main.LoginTestCases" time="166.183" errors="0" timestamp="2024-05-01T12:34:32 IST" skipped="0">
  <testcase classname="main.LoginTestCases" name="loginIntoApp" time="28.136"/>
  <system-out/>
  <testcase classname="main.LoginTestCases" name="loginIntoApp" time="53.087"/>
  <system-out/>
  <testcase classname="main.LoginTestCases" name="loginIntoApp" time="84.960"/>
  <system-out/>
</testsuite> <!-- main.LoginTestCases -->
